  ofxBaseGui.cpp
  ofxButton.cpp
  ofxColorPicker.cpp
  ofxGuiGroup.cpp
  ofxInputField.cpp
  ofxLabel.cpp
  ofxPanel.cpp
  ofxSlider.cpp
  ofxSliderGroup.cpp
  ofxToggle.cpp
  Info: Boost.Config is older than your compiler version - probably nothing bad will happen - but you may wish to look for an update Boost version.  Define BOOST_CONFIG_SUPPRESS_OUTDATED_MESSAGE to suppress this message.
  Info: Boost.Config is older than your compiler version - probably nothing bad will happen - but you may wish to look for an update Boost version.  Define BOOST_CONFIG_SUPPRESS_OUTDATED_MESSAGE to suppress this message.
  Info: Boost.Config is older than your compiler version - probably nothing bad will happen - but you may wish to look for an update Boost version.  Define BOOST_CONFIG_SUPPRESS_OUTDATED_MESSAGE to suppress this message.
  Info: Boost.Config is older than your compiler version - probably nothing bad will happen - but you may wish to look for an update Boost version.  Define BOOST_CONFIG_SUPPRESS_OUTDATED_MESSAGE to suppress this message.
  Info: Boost.Config is older than your compiler version - probably nothing bad will happen - but you may wish to look for an update Boost version.  Define BOOST_CONFIG_SUPPRESS_OUTDATED_MESSAGE to suppress this message.
  Info: Boost.Config is older than your compiler version - probably nothing bad will happen - but you may wish to look for an update Boost version.  Define BOOST_CONFIG_SUPPRESS_OUTDATED_MESSAGE to suppress this message.
  Info: Boost.Config is older than your compiler version - probably nothing bad will happen - but you may wish to look for an update Boost version.  Define BOOST_CONFIG_SUPPRESS_OUTDATED_MESSAGE to suppress this message.
  Info: Boost.Config is older than your compiler version - probably nothing bad will happen - but you may wish to look for an update Boost version.  Define BOOST_CONFIG_SUPPRESS_OUTDATED_MESSAGE to suppress this message.
  Info: Boost.Config is older than your compiler version - probably nothing bad will happen - but you may wish to look for an update Boost version.  Define BOOST_CONFIG_SUPPRESS_OUTDATED_MESSAGE to suppress this message.
  Info: Boost.Config is older than your compiler version - probably nothing bad will happen - but you may wish to look for an update Boost version.  Define BOOST_CONFIG_SUPPRESS_OUTDATED_MESSAGE to suppress this message.
c:\users\jared\documents\of_v0.11.2_vs2017_release\of_v0.11.2_vs2017_release\libs\openframeworks\math\ofmatrix4x4.h(326): warning C4267: 'argument': conversion from 'size_t' to 'int', possible loss of data (compiling source file ..\..\..\addons\ofxGui\src\ofxPanel.cpp)
c:\users\jared\documents\of_v0.11.2_vs2017_release\of_v0.11.2_vs2017_release\libs\openframeworks\math\ofmatrix4x4.h(331): warning C4267: 'argument': conversion from 'size_t' to 'int', possible loss of data (compiling source file ..\..\..\addons\ofxGui\src\ofxPanel.cpp)
c:\users\jared\documents\of_v0.11.2_vs2017_release\of_v0.11.2_vs2017_release\libs\openframeworks\math\ofmatrix4x4.h(912): warning C4267: 'argument': conversion from 'size_t' to 'int', possible loss of data (compiling source file ..\..\..\addons\ofxGui\src\ofxPanel.cpp)
c:\users\jared\documents\of_v0.11.2_vs2017_release\of_v0.11.2_vs2017_release\libs\openframeworks\math\ofmatrix4x4.h(913): warning C4267: 'argument': conversion from 'size_t' to 'int', possible loss of data (compiling source file ..\..\..\addons\ofxGui\src\ofxPanel.cpp)
c:\users\jared\documents\of_v0.11.2_vs2017_release\of_v0.11.2_vs2017_release\libs\openframeworks\math\ofmatrix4x4.h(914): warning C4267: 'argument': conversion from 'size_t' to 'int', possible loss of data (compiling source file ..\..\..\addons\ofxGui\src\ofxPanel.cpp)
c:\users\jared\documents\of_v0.11.2_vs2017_release\of_v0.11.2_vs2017_release\libs\openframeworks\math\ofmatrix4x4.h(915): warning C4267: 'argument': conversion from 'size_t' to 'int', possible loss of data (compiling source file ..\..\..\addons\ofxGui\src\ofxPanel.cpp)
c:\users\jared\documents\of_v0.11.2_vs2017_release\of_v0.11.2_vs2017_release\libs\openframeworks\math\ofmatrix4x4.h(326): warning C4267: 'argument': conversion from 'size_t' to 'int', possible loss of data (compiling source file ..\..\..\addons\ofxGui\src\ofxSliderGroup.cpp)
c:\users\jared\documents\of_v0.11.2_vs2017_release\of_v0.11.2_vs2017_release\libs\openframeworks\math\ofmatrix4x4.h(331): warning C4267: 'argument': conversion from 'size_t' to 'int', possible loss of data (compiling source file ..\..\..\addons\ofxGui\src\ofxSliderGroup.cpp)
c:\users\jared\documents\of_v0.11.2_vs2017_release\of_v0.11.2_vs2017_release\libs\openframeworks\math\ofmatrix4x4.h(912): warning C4267: 'argument': conversion from 'size_t' to 'int', possible loss of data (compiling source file ..\..\..\addons\ofxGui\src\ofxSliderGroup.cpp)
c:\users\jared\documents\of_v0.11.2_vs2017_release\of_v0.11.2_vs2017_release\libs\openframeworks\math\ofmatrix4x4.h(913): warning C4267: 'argument': conversion from 'size_t' to 'int', possible loss of data (compiling source file ..\..\..\addons\ofxGui\src\ofxSliderGroup.cpp)
c:\users\jared\documents\of_v0.11.2_vs2017_release\of_v0.11.2_vs2017_release\libs\openframeworks\math\ofmatrix4x4.h(914): warning C4267: 'argument': conversion from 'size_t' to 'int', possible loss of data (compiling source file ..\..\..\addons\ofxGui\src\ofxSliderGroup.cpp)
c:\users\jared\documents\of_v0.11.2_vs2017_release\of_v0.11.2_vs2017_release\libs\openframeworks\math\ofmatrix4x4.h(915): warning C4267: 'argument': conversion from 'size_t' to 'int', possible loss of data (compiling source file ..\..\..\addons\ofxGui\src\ofxSliderGroup.cpp)
c:\users\jared\documents\of_v0.11.2_vs2017_release\of_v0.11.2_vs2017_release\libs\openframeworks\math\ofmatrix4x4.h(326): warning C4267: 'argument': conversion from 'size_t' to 'int', possible loss of data (compiling source file ..\..\..\addons\ofxGui\src\ofxColorPicker.cpp)
c:\users\jared\documents\of_v0.11.2_vs2017_release\of_v0.11.2_vs2017_release\libs\openframeworks\math\ofmatrix4x4.h(331): warning C4267: 'argument': conversion from 'size_t' to 'int', possible loss of data (compiling source file ..\..\..\addons\ofxGui\src\ofxColorPicker.cpp)
c:\users\jared\documents\of_v0.11.2_vs2017_release\of_v0.11.2_vs2017_release\libs\openframeworks\math\ofmatrix4x4.h(912): warning C4267: 'argument': conversion from 'size_t' to 'int', possible loss of data (compiling source file ..\..\..\addons\ofxGui\src\ofxColorPicker.cpp)
c:\users\jared\documents\of_v0.11.2_vs2017_release\of_v0.11.2_vs2017_release\libs\openframeworks\math\ofmatrix4x4.h(913): warning C4267: 'argument': conversion from 'size_t' to 'int', possible loss of data (compiling source file ..\..\..\addons\ofxGui\src\ofxColorPicker.cpp)
c:\users\jared\documents\of_v0.11.2_vs2017_release\of_v0.11.2_vs2017_release\libs\openframeworks\math\ofmatrix4x4.h(914): warning C4267: 'argument': conversion from 'size_t' to 'int', possible loss of data (compiling source file ..\..\..\addons\ofxGui\src\ofxColorPicker.cpp)
c:\users\jared\documents\of_v0.11.2_vs2017_release\of_v0.11.2_vs2017_release\libs\openframeworks\math\ofmatrix4x4.h(915): warning C4267: 'argument': conversion from 'size_t' to 'int', possible loss of data (compiling source file ..\..\..\addons\ofxGui\src\ofxColorPicker.cpp)
c:\users\jared\documents\of_v0.11.2_vs2017_release\of_v0.11.2_vs2017_release\libs\openframeworks\math\ofmatrix4x4.h(326): warning C4267: 'argument': conversion from 'size_t' to 'int', possible loss of data (compiling source file ..\..\..\addons\ofxGui\src\ofxButton.cpp)
c:\users\jared\documents\of_v0.11.2_vs2017_release\of_v0.11.2_vs2017_release\libs\openframeworks\math\ofmatrix4x4.h(331): warning C4267: 'argument': conversion from 'size_t' to 'int', possible loss of data (compiling source file ..\..\..\addons\ofxGui\src\ofxButton.cpp)
c:\users\jared\documents\of_v0.11.2_vs2017_release\of_v0.11.2_vs2017_release\libs\openframeworks\math\ofmatrix4x4.h(912): warning C4267: 'argument': conversion from 'size_t' to 'int', possible loss of data (compiling source file ..\..\..\addons\ofxGui\src\ofxButton.cpp)
c:\users\jared\documents\of_v0.11.2_vs2017_release\of_v0.11.2_vs2017_release\libs\openframeworks\math\ofmatrix4x4.h(913): warning C4267: 'argument': conversion from 'size_t' to 'int', possible loss of data (compiling source file ..\..\..\addons\ofxGui\src\ofxButton.cpp)
c:\users\jared\documents\of_v0.11.2_vs2017_release\of_v0.11.2_vs2017_release\libs\openframeworks\math\ofmatrix4x4.h(914): warning C4267: 'argument': conversion from 'size_t' to 'int', possible loss of data (compiling source file ..\..\..\addons\ofxGui\src\ofxButton.cpp)
c:\users\jared\documents\of_v0.11.2_vs2017_release\of_v0.11.2_vs2017_release\libs\openframeworks\math\ofmatrix4x4.h(915): warning C4267: 'argument': conversion from 'size_t' to 'int', possible loss of data (compiling source file ..\..\..\addons\ofxGui\src\ofxButton.cpp)
c:\users\jared\documents\of_v0.11.2_vs2017_release\of_v0.11.2_vs2017_release\libs\openframeworks\math\ofmatrix4x4.h(326): warning C4267: 'argument': conversion from 'size_t' to 'int', possible loss of data (compiling source file ..\..\..\addons\ofxGui\src\ofxBaseGui.cpp)
c:\users\jared\documents\of_v0.11.2_vs2017_release\of_v0.11.2_vs2017_release\libs\openframeworks\math\ofmatrix4x4.h(331): warning C4267: 'argument': conversion from 'size_t' to 'int', possible loss of data (compiling source file ..\..\..\addons\ofxGui\src\ofxBaseGui.cpp)
c:\users\jared\documents\of_v0.11.2_vs2017_release\of_v0.11.2_vs2017_release\libs\openframeworks\math\ofmatrix4x4.h(912): warning C4267: 'argument': conversion from 'size_t' to 'int', possible loss of data (compiling source file ..\..\..\addons\ofxGui\src\ofxBaseGui.cpp)
c:\users\jared\documents\of_v0.11.2_vs2017_release\of_v0.11.2_vs2017_release\libs\openframeworks\math\ofmatrix4x4.h(913): warning C4267: 'argument': conversion from 'size_t' to 'int', possible loss of data (compiling source file ..\..\..\addons\ofxGui\src\ofxBaseGui.cpp)
c:\users\jared\documents\of_v0.11.2_vs2017_release\of_v0.11.2_vs2017_release\libs\openframeworks\math\ofmatrix4x4.h(914): warning C4267: 'argument': conversion from 'size_t' to 'int', possible loss of data (compiling source file ..\..\..\addons\ofxGui\src\ofxBaseGui.cpp)
c:\users\jared\documents\of_v0.11.2_vs2017_release\of_v0.11.2_vs2017_release\libs\openframeworks\math\ofmatrix4x4.h(915): warning C4267: 'argument': conversion from 'size_t' to 'int', possible loss of data (compiling source file ..\..\..\addons\ofxGui\src\ofxBaseGui.cpp)
c:\users\jared\documents\of_v0.11.2_vs2017_release\of_v0.11.2_vs2017_release\libs\openframeworks\math\ofmatrix4x4.h(326): warning C4267: 'argument': conversion from 'size_t' to 'int', possible loss of data (compiling source file ..\..\..\addons\ofxGui\src\ofxInputField.cpp)
c:\users\jared\documents\of_v0.11.2_vs2017_release\of_v0.11.2_vs2017_release\libs\openframeworks\math\ofmatrix4x4.h(331): warning C4267: 'argument': conversion from 'size_t' to 'int', possible loss of data (compiling source file ..\..\..\addons\ofxGui\src\ofxInputField.cpp)
c:\users\jared\documents\of_v0.11.2_vs2017_release\of_v0.11.2_vs2017_release\libs\openframeworks\math\ofmatrix4x4.h(912): warning C4267: 'argument': conversion from 'size_t' to 'int', possible loss of data (compiling source file ..\..\..\addons\ofxGui\src\ofxInputField.cpp)
c:\users\jared\documents\of_v0.11.2_vs2017_release\of_v0.11.2_vs2017_release\libs\openframeworks\math\ofmatrix4x4.h(913): warning C4267: 'argument': conversion from 'size_t' to 'int', possible loss of data (compiling source file ..\..\..\addons\ofxGui\src\ofxInputField.cpp)
c:\users\jared\documents\of_v0.11.2_vs2017_release\of_v0.11.2_vs2017_release\libs\openframeworks\math\ofmatrix4x4.h(914): warning C4267: 'argument': conversion from 'size_t' to 'int', possible loss of data (compiling source file ..\..\..\addons\ofxGui\src\ofxInputField.cpp)
c:\users\jared\documents\of_v0.11.2_vs2017_release\of_v0.11.2_vs2017_release\libs\openframeworks\math\ofmatrix4x4.h(915): warning C4267: 'argument': conversion from 'size_t' to 'int', possible loss of data (compiling source file ..\..\..\addons\ofxGui\src\ofxInputField.cpp)
c:\users\jared\documents\of_v0.11.2_vs2017_release\of_v0.11.2_vs2017_release\libs\openframeworks\math\ofmatrix4x4.h(326): warning C4267: 'argument': conversion from 'size_t' to 'int', possible loss of data (compiling source file ..\..\..\addons\ofxGui\src\ofxToggle.cpp)
c:\users\jared\documents\of_v0.11.2_vs2017_release\of_v0.11.2_vs2017_release\libs\openframeworks\math\ofmatrix4x4.h(331): warning C4267: 'argument': conversion from 'size_t' to 'int', possible loss of data (compiling source file ..\..\..\addons\ofxGui\src\ofxToggle.cpp)
c:\users\jared\documents\of_v0.11.2_vs2017_release\of_v0.11.2_vs2017_release\libs\openframeworks\math\ofmatrix4x4.h(912): warning C4267: 'argument': conversion from 'size_t' to 'int', possible loss of data (compiling source file ..\..\..\addons\ofxGui\src\ofxToggle.cpp)
c:\users\jared\documents\of_v0.11.2_vs2017_release\of_v0.11.2_vs2017_release\libs\openframeworks\math\ofmatrix4x4.h(913): warning C4267: 'argument': conversion from 'size_t' to 'int', possible loss of data (compiling source file ..\..\..\addons\ofxGui\src\ofxToggle.cpp)
c:\users\jared\documents\of_v0.11.2_vs2017_release\of_v0.11.2_vs2017_release\libs\openframeworks\math\ofmatrix4x4.h(914): warning C4267: 'argument': conversion from 'size_t' to 'int', possible loss of data (compiling source file ..\..\..\addons\ofxGui\src\ofxToggle.cpp)
c:\users\jared\documents\of_v0.11.2_vs2017_release\of_v0.11.2_vs2017_release\libs\openframeworks\math\ofmatrix4x4.h(915): warning C4267: 'argument': conversion from 'size_t' to 'int', possible loss of data (compiling source file ..\..\..\addons\ofxGui\src\ofxToggle.cpp)
c:\users\jared\documents\of_v0.11.2_vs2017_release\of_v0.11.2_vs2017_release\libs\openframeworks\math\ofmatrix4x4.h(326): warning C4267: 'argument': conversion from 'size_t' to 'int', possible loss of data (compiling source file ..\..\..\addons\ofxGui\src\ofxGuiGroup.cpp)
c:\users\jared\documents\of_v0.11.2_vs2017_release\of_v0.11.2_vs2017_release\libs\openframeworks\math\ofmatrix4x4.h(331): warning C4267: 'argument': conversion from 'size_t' to 'int', possible loss of data (compiling source file ..\..\..\addons\ofxGui\src\ofxGuiGroup.cpp)
c:\users\jared\documents\of_v0.11.2_vs2017_release\of_v0.11.2_vs2017_release\libs\openframeworks\math\ofmatrix4x4.h(912): warning C4267: 'argument': conversion from 'size_t' to 'int', possible loss of data (compiling source file ..\..\..\addons\ofxGui\src\ofxGuiGroup.cpp)
c:\users\jared\documents\of_v0.11.2_vs2017_release\of_v0.11.2_vs2017_release\libs\openframeworks\math\ofmatrix4x4.h(913): warning C4267: 'argument': conversion from 'size_t' to 'int', possible loss of data (compiling source file ..\..\..\addons\ofxGui\src\ofxGuiGroup.cpp)
c:\users\jared\documents\of_v0.11.2_vs2017_release\of_v0.11.2_vs2017_release\libs\openframeworks\math\ofmatrix4x4.h(914): warning C4267: 'argument': conversion from 'size_t' to 'int', possible loss of data (compiling source file ..\..\..\addons\ofxGui\src\ofxGuiGroup.cpp)
c:\users\jared\documents\of_v0.11.2_vs2017_release\of_v0.11.2_vs2017_release\libs\openframeworks\math\ofmatrix4x4.h(915): warning C4267: 'argument': conversion from 'size_t' to 'int', possible loss of data (compiling source file ..\..\..\addons\ofxGui\src\ofxGuiGroup.cpp)
c:\users\jared\documents\of_v0.11.2_vs2017_release\of_v0.11.2_vs2017_release\libs\openframeworks\math\ofmatrix4x4.h(326): warning C4267: 'argument': conversion from 'size_t' to 'int', possible loss of data (compiling source file ..\..\..\addons\ofxGui\src\ofxSlider.cpp)
c:\users\jared\documents\of_v0.11.2_vs2017_release\of_v0.11.2_vs2017_release\libs\openframeworks\math\ofmatrix4x4.h(331): warning C4267: 'argument': conversion from 'size_t' to 'int', possible loss of data (compiling source file ..\..\..\addons\ofxGui\src\ofxSlider.cpp)
c:\users\jared\documents\of_v0.11.2_vs2017_release\of_v0.11.2_vs2017_release\libs\openframeworks\math\ofmatrix4x4.h(912): warning C4267: 'argument': conversion from 'size_t' to 'int', possible loss of data (compiling source file ..\..\..\addons\ofxGui\src\ofxSlider.cpp)
c:\users\jared\documents\of_v0.11.2_vs2017_release\of_v0.11.2_vs2017_release\libs\openframeworks\math\ofmatrix4x4.h(913): warning C4267: 'argument': conversion from 'size_t' to 'int', possible loss of data (compiling source file ..\..\..\addons\ofxGui\src\ofxSlider.cpp)
c:\users\jared\documents\of_v0.11.2_vs2017_release\of_v0.11.2_vs2017_release\libs\openframeworks\math\ofmatrix4x4.h(914): warning C4267: 'argument': conversion from 'size_t' to 'int', possible loss of data (compiling source file ..\..\..\addons\ofxGui\src\ofxSlider.cpp)
c:\users\jared\documents\of_v0.11.2_vs2017_release\of_v0.11.2_vs2017_release\libs\openframeworks\math\ofmatrix4x4.h(915): warning C4267: 'argument': conversion from 'size_t' to 'int', possible loss of data (compiling source file ..\..\..\addons\ofxGui\src\ofxSlider.cpp)
c:\users\jared\documents\of_v0.11.2_vs2017_release\of_v0.11.2_vs2017_release\libs\openframeworks\math\ofmatrix4x4.h(326): warning C4267: 'argument': conversion from 'size_t' to 'int', possible loss of data (compiling source file ..\..\..\addons\ofxGui\src\ofxLabel.cpp)
c:\users\jared\documents\of_v0.11.2_vs2017_release\of_v0.11.2_vs2017_release\libs\openframeworks\math\ofmatrix4x4.h(331): warning C4267: 'argument': conversion from 'size_t' to 'int', possible loss of data (compiling source file ..\..\..\addons\ofxGui\src\ofxLabel.cpp)
c:\users\jared\documents\of_v0.11.2_vs2017_release\of_v0.11.2_vs2017_release\libs\openframeworks\math\ofmatrix4x4.h(912): warning C4267: 'argument': conversion from 'size_t' to 'int', possible loss of data (compiling source file ..\..\..\addons\ofxGui\src\ofxLabel.cpp)
c:\users\jared\documents\of_v0.11.2_vs2017_release\of_v0.11.2_vs2017_release\libs\openframeworks\math\ofmatrix4x4.h(913): warning C4267: 'argument': conversion from 'size_t' to 'int', possible loss of data (compiling source file ..\..\..\addons\ofxGui\src\ofxLabel.cpp)
c:\users\jared\documents\of_v0.11.2_vs2017_release\of_v0.11.2_vs2017_release\libs\openframeworks\math\ofmatrix4x4.h(914): warning C4267: 'argument': conversion from 'size_t' to 'int', possible loss of data (compiling source file ..\..\..\addons\ofxGui\src\ofxLabel.cpp)
c:\users\jared\documents\of_v0.11.2_vs2017_release\of_v0.11.2_vs2017_release\libs\openframeworks\math\ofmatrix4x4.h(915): warning C4267: 'argument': conversion from 'size_t' to 'int', possible loss of data (compiling source file ..\..\..\addons\ofxGui\src\ofxLabel.cpp)
c:\users\jared\documents\of_v0.11.2_vs2017_release\of_v0.11.2_vs2017_release\addons\ofxgui\src\ofxcolorpicker.cpp(215): warning C4267: 'argument': conversion from 'size_t' to 'int', possible loss of data
  c:\users\jared\documents\of_v0.11.2_vs2017_release\of_v0.11.2_vs2017_release\addons\ofxgui\src\ofxcolorpicker.cpp(194): note: while compiling class template member function 'ofMesh ofxColorPicker_<unsigned char>::getColorPoint(void)'
  c:\users\jared\documents\of_v0.11.2_vs2017_release\of_v0.11.2_vs2017_release\addons\ofxgui\src\ofxcolorpicker.cpp(486): note: see reference to function template instantiation 'ofMesh ofxColorPicker_<unsigned char>::getColorPoint(void)' being compiled
  c:\users\jared\documents\of_v0.11.2_vs2017_release\of_v0.11.2_vs2017_release\addons\ofxgui\src\ofxcolorpicker.cpp(491): note: see reference to class template instantiation 'ofxColorPicker_<unsigned char>' being compiled
c:\users\jared\documents\of_v0.11.2_vs2017_release\of_v0.11.2_vs2017_release\addons\ofxgui\src\ofxcolorpicker.cpp(216): warning C4267: 'argument': conversion from 'size_t' to 'int', possible loss of data
c:\users\jared\documents\of_v0.11.2_vs2017_release\of_v0.11.2_vs2017_release\addons\ofxgui\src\ofxcolorpicker.cpp(225): warning C4267: 'argument': conversion from 'size_t' to 'int', possible loss of data
c:\users\jared\documents\of_v0.11.2_vs2017_release\of_v0.11.2_vs2017_release\addons\ofxgui\src\ofxcolorpicker.cpp(226): warning C4267: 'argument': conversion from 'size_t' to 'int', possible loss of data
c:\users\jared\documents\of_v0.11.2_vs2017_release\of_v0.11.2_vs2017_release\addons\ofxgui\src\ofxcolorpicker.cpp(245): warning C4267: 'argument': conversion from 'size_t' to 'int', possible loss of data
  c:\users\jared\documents\of_v0.11.2_vs2017_release\of_v0.11.2_vs2017_release\addons\ofxgui\src\ofxcolorpicker.cpp(236): note: while compiling class template member function 'ofMesh ofxColorPicker_<unsigned char>::getColorWheel(void)'
  c:\users\jared\documents\of_v0.11.2_vs2017_release\of_v0.11.2_vs2017_release\addons\ofxgui\src\ofxcolorpicker.cpp(485): note: see reference to function template instantiation 'ofMesh ofxColorPicker_<unsigned char>::getColorWheel(void)' being compiled
c:\users\jared\documents\of_v0.11.2_vs2017_release\of_v0.11.2_vs2017_release\addons\ofxgui\src\ofxcolorpicker.cpp(246): warning C4267: 'argument': conversion from 'size_t' to 'int', possible loss of data
c:\users\jared\documents\of_v0.11.2_vs2017_release\of_v0.11.2_vs2017_release\addons\ofxgui\src\ofxinputfield.cpp(370): warning C4267: 'argument': conversion from 'size_t' to 'int', possible loss of data
  c:\users\jared\documents\of_v0.11.2_vs2017_release\of_v0.11.2_vs2017_release\addons\ofxgui\src\ofxinputfield.cpp(352): note: while compiling class template member function 'bool ofxInputField<float>::mousePressed(ofMouseEventArgs &)'
  c:\users\jared\documents\of_v0.11.2_vs2017_release\of_v0.11.2_vs2017_release\addons\ofxgui\src\ofxinputfield.cpp(805): note: see reference to class template instantiation 'ofxInputField<float>' being compiled
c:\users\jared\documents\of_v0.11.2_vs2017_release\of_v0.11.2_vs2017_release\addons\ofxgui\src\ofxinputfield.cpp(531): warning C4267: 'argument': conversion from 'size_t' to 'int', possible loss of data
  c:\users\jared\documents\of_v0.11.2_vs2017_release\of_v0.11.2_vs2017_release\addons\ofxgui\src\ofxinputfield.cpp(472): note: while compiling class template member function 'bool ofxInputField<float>::keyPressed(ofKeyEventArgs &)'
c:\users\jared\documents\of_v0.11.2_vs2017_release\of_v0.11.2_vs2017_release\addons\ofxgui\src\ofxinputfield.cpp(558): warning C4267: 'argument': conversion from 'size_t' to 'int', possible loss of data
c:\users\jared\documents\of_v0.11.2_vs2017_release\of_v0.11.2_vs2017_release\addons\ofxgui\src\ofxinputfield.cpp(560): warning C4267: 'argument': conversion from 'size_t' to 'int', possible loss of data
c:\users\jared\documents\of_v0.11.2_vs2017_release\of_v0.11.2_vs2017_release\addons\ofxgui\src\ofxinputfield.cpp(776): warning C4267: 'argument': conversion from 'size_t' to 'int', possible loss of data
  c:\users\jared\documents\of_v0.11.2_vs2017_release\of_v0.11.2_vs2017_release\addons\ofxgui\src\ofxinputfield.cpp(773): note: while compiling class template member function 'void ofxInputField<float>::valueChanged(Type &)'
          with
          [
              Type=float
          ]
  c:\users\jared\documents\of_v0.11.2_vs2017_release\of_v0.11.2_vs2017_release\addons\ofxgui\src\ofxinputfield.cpp(148): note: see reference to function template instantiation 'void ofxInputField<float>::valueChanged(Type &)' being compiled
          with
          [
              Type=float
          ]
c:\users\jared\documents\of_v0.11.2_vs2017_release\of_v0.11.2_vs2017_release\libs\openframeworks\graphics\ofpolyline.inl(409): warning C4267: '=': conversion from 'size_t' to 'int', possible loss of data (compiling source file ..\..\..\addons\ofxGui\src\ofxColorPicker.cpp)
  c:\users\jared\documents\of_v0.11.2_vs2017_release\of_v0.11.2_vs2017_release\libs\openframeworks\graphics\ofpolyline.inl(331): note: while compiling class template member function 'void ofPolyline_<ofDefaultVertexType>::arc(const T &,float,float,float,float,bool,int)'
          with
          [
              T=ofDefaultVertexType
          ] (compiling source file ..\..\..\addons\ofxGui\src\ofxColorPicker.cpp)
  c:\users\jared\documents\of_v0.11.2_vs2017_release\of_v0.11.2_vs2017_release\addons\ofxgui\src\ofxcolorpicker.cpp(208): note: see reference to function template instantiation 'void ofPolyline_<ofDefaultVertexType>::arc(const T &,float,float,float,float,bool,int)' being compiled
          with
          [
              T=ofDefaultVertexType
          ]
  c:\users\jared\documents\of_v0.11.2_vs2017_release\of_v0.11.2_vs2017_release\addons\ofxgui\src\ofxcolorpicker.cpp(194): note: while compiling class template member function 'ofMesh ofxColorPicker_<unsigned char>::getColorPoint(void)'
  c:\users\jared\documents\of_v0.11.2_vs2017_release\of_v0.11.2_vs2017_release\addons\ofxgui\src\ofxcolorpicker.cpp(486): note: see reference to function template instantiation 'ofMesh ofxColorPicker_<unsigned char>::getColorPoint(void)' being compiled
c:\users\jared\documents\of_v0.11.2_vs2017_release\of_v0.11.2_vs2017_release\addons\ofxgui\src\ofxslidergroup.cpp(26): warning C4267: 'argument': conversion from 'size_t' to 'glm::vec<3,float,0>::length_type', possible loss of data
  c:\users\jared\documents\of_v0.11.2_vs2017_release\of_v0.11.2_vs2017_release\addons\ofxgui\src\ofxslidergroup.cpp(11): note: while compiling class template member function 'ofxVecSlider_<ofDefaultVec3> *ofxVecSlider_<ofDefaultVec3>::setup(ofParameter<ofDefaultVec3>,float,float)'
  c:\users\jared\documents\of_v0.11.2_vs2017_release\of_v0.11.2_vs2017_release\addons\ofxgui\src\ofxslidergroup.cpp(7): note: see reference to function template instantiation 'ofxVecSlider_<ofDefaultVec3> *ofxVecSlider_<ofDefaultVec3>::setup(ofParameter<ofDefaultVec3>,float,float)' being compiled
  c:\users\jared\documents\of_v0.11.2_vs2017_release\of_v0.11.2_vs2017_release\addons\ofxgui\src\ofxslidergroup.cpp(69): note: see reference to class template instantiation 'ofxVecSlider_<ofDefaultVec3>' being compiled
c:\users\jared\documents\of_v0.11.2_vs2017_release\of_v0.11.2_vs2017_release\addons\ofxgui\src\ofxslidergroup.cpp(59): warning C4267: 'argument': conversion from 'size_t' to 'glm::vec<3,float,0>::length_type', possible loss of data
  c:\users\jared\documents\of_v0.11.2_vs2017_release\of_v0.11.2_vs2017_release\addons\ofxgui\src\ofxslidergroup.cpp(54): note: while compiling class template member function 'void ofxVecSlider_<ofDefaultVec3>::changeValue(VecType &)'
          with
          [
              VecType=ofDefaultVec3
          ]
  c:\users\jared\documents\of_v0.11.2_vs2017_release\of_v0.11.2_vs2017_release\addons\ofxgui\src\ofxslidergroup.cpp(19): note: see reference to function template instantiation 'void ofxVecSlider_<ofDefaultVec3>::changeValue(VecType &)' being compiled
          with
          [
              VecType=ofDefaultVec3
          ]
c:\users\jared\documents\of_v0.11.2_vs2017_release\of_v0.11.2_vs2017_release\addons\ofxgui\src\ofxslidergroup.cpp(26): warning C4267: 'argument': conversion from 'size_t' to 'glm::vec<2,float,0>::length_type', possible loss of data
  c:\users\jared\documents\of_v0.11.2_vs2017_release\of_v0.11.2_vs2017_release\addons\ofxgui\src\ofxslidergroup.cpp(11): note: while compiling class template member function 'ofxVecSlider_<ofDefaultVec2> *ofxVecSlider_<ofDefaultVec2>::setup(ofParameter<ofDefaultVec2>,float,float)'
  c:\users\jared\documents\of_v0.11.2_vs2017_release\of_v0.11.2_vs2017_release\addons\ofxgui\src\ofxslidergroup.cpp(7): note: see reference to function template instantiation 'ofxVecSlider_<ofDefaultVec2> *ofxVecSlider_<ofDefaultVec2>::setup(ofParameter<ofDefaultVec2>,float,float)' being compiled
  c:\users\jared\documents\of_v0.11.2_vs2017_release\of_v0.11.2_vs2017_release\addons\ofxgui\src\ofxslidergroup.cpp(64): note: see reference to class template instantiation 'ofxVecSlider_<ofDefaultVec2>' being compiled
c:\users\jared\documents\of_v0.11.2_vs2017_release\of_v0.11.2_vs2017_release\addons\ofxgui\src\ofxslidergroup.cpp(59): warning C4267: 'argument': conversion from 'size_t' to 'glm::vec<2,float,0>::length_type', possible loss of data
  c:\users\jared\documents\of_v0.11.2_vs2017_release\of_v0.11.2_vs2017_release\addons\ofxgui\src\ofxslidergroup.cpp(54): note: while compiling class template member function 'void ofxVecSlider_<ofDefaultVec2>::changeValue(VecType &)'
          with
          [
              VecType=ofDefaultVec2
          ]
  c:\users\jared\documents\of_v0.11.2_vs2017_release\of_v0.11.2_vs2017_release\addons\ofxgui\src\ofxslidergroup.cpp(19): note: see reference to function template instantiation 'void ofxVecSlider_<ofDefaultVec2>::changeValue(VecType &)' being compiled
          with
          [
              VecType=ofDefaultVec2
          ]
c:\users\jared\documents\of_v0.11.2_vs2017_release\of_v0.11.2_vs2017_release\addons\ofxgui\src\ofxslidergroup.cpp(26): warning C4267: 'argument': conversion from 'size_t' to 'glm::vec<4,float,0>::length_type', possible loss of data
  c:\users\jared\documents\of_v0.11.2_vs2017_release\of_v0.11.2_vs2017_release\addons\ofxgui\src\ofxslidergroup.cpp(11): note: while compiling class template member function 'ofxVecSlider_<ofDefaultVec4> *ofxVecSlider_<ofDefaultVec4>::setup(ofParameter<ofDefaultVec4>,float,float)'
  c:\users\jared\documents\of_v0.11.2_vs2017_release\of_v0.11.2_vs2017_release\addons\ofxgui\src\ofxslidergroup.cpp(7): note: see reference to function template instantiation 'ofxVecSlider_<ofDefaultVec4> *ofxVecSlider_<ofDefaultVec4>::setup(ofParameter<ofDefaultVec4>,float,float)' being compiled
  c:\users\jared\documents\of_v0.11.2_vs2017_release\of_v0.11.2_vs2017_release\addons\ofxgui\src\ofxslidergroup.cpp(74): note: see reference to class template instantiation 'ofxVecSlider_<ofDefaultVec4>' being compiled
c:\users\jared\documents\of_v0.11.2_vs2017_release\of_v0.11.2_vs2017_release\addons\ofxgui\src\ofxslidergroup.cpp(59): warning C4267: 'argument': conversion from 'size_t' to 'glm::vec<4,float,0>::length_type', possible loss of data
  c:\users\jared\documents\of_v0.11.2_vs2017_release\of_v0.11.2_vs2017_release\addons\ofxgui\src\ofxslidergroup.cpp(54): note: while compiling class template member function 'void ofxVecSlider_<ofDefaultVec4>::changeValue(VecType &)'
          with
          [
              VecType=ofDefaultVec4
          ]
  c:\users\jared\documents\of_v0.11.2_vs2017_release\of_v0.11.2_vs2017_release\addons\ofxgui\src\ofxslidergroup.cpp(19): note: see reference to function template instantiation 'void ofxVecSlider_<ofDefaultVec4>::changeValue(VecType &)' being compiled
          with
          [
              VecType=ofDefaultVec4
          ]
c:\users\jared\documents\of_v0.11.2_vs2017_release\of_v0.11.2_vs2017_release\addons\ofxgui\src\ofxslidergroup.cpp(26): warning C4267: 'argument': conversion from 'size_t' to 'int', possible loss of data
  c:\users\jared\documents\of_v0.11.2_vs2017_release\of_v0.11.2_vs2017_release\addons\ofxgui\src\ofxslidergroup.cpp(11): note: while compiling class template member function 'ofxVecSlider_<ofVec2f> *ofxVecSlider_<ofVec2f>::setup(ofParameter<ofVec2f>,float,float)'
  c:\users\jared\documents\of_v0.11.2_vs2017_release\of_v0.11.2_vs2017_release\addons\ofxgui\src\ofxslidergroup.cpp(7): note: see reference to function template instantiation 'ofxVecSlider_<ofVec2f> *ofxVecSlider_<ofVec2f>::setup(ofParameter<ofVec2f>,float,float)' being compiled
  c:\users\jared\documents\of_v0.11.2_vs2017_release\of_v0.11.2_vs2017_release\addons\ofxgui\src\ofxslidergroup.cpp(79): note: see reference to class template instantiation 'ofxVecSlider_<ofVec2f>' being compiled
c:\users\jared\documents\of_v0.11.2_vs2017_release\of_v0.11.2_vs2017_release\addons\ofxgui\src\ofxslidergroup.cpp(59): warning C4267: 'argument': conversion from 'size_t' to 'int', possible loss of data
  c:\users\jared\documents\of_v0.11.2_vs2017_release\of_v0.11.2_vs2017_release\addons\ofxgui\src\ofxslidergroup.cpp(54): note: while compiling class template member function 'void ofxVecSlider_<ofVec2f>::changeValue(VecType &)'
          with
          [
              VecType=ofVec2f
          ]
  c:\users\jared\documents\of_v0.11.2_vs2017_release\of_v0.11.2_vs2017_release\addons\ofxgui\src\ofxslidergroup.cpp(19): note: see reference to function template instantiation 'void ofxVecSlider_<ofVec2f>::changeValue(VecType &)' being compiled
          with
          [
              VecType=ofVec2f
          ]
  Emitter.cpp
  main.cpp
  ofApp.cpp
  Particle.cpp
  ParticleEmitter.cpp
  ParticleSystem.cpp
  SpriteSystem.cpp
  TransformObject.cpp
  Info: Boost.Config is older than your compiler version - probably nothing bad will happen - but you may wish to look for an update Boost version.  Define BOOST_CONFIG_SUPPRESS_OUTDATED_MESSAGE to suppress this message.
  Info: Boost.Config is older than your compiler version - probably nothing bad will happen - but you may wish to look for an update Boost version.  Define BOOST_CONFIG_SUPPRESS_OUTDATED_MESSAGE to suppress this message.
  Info: Boost.Config is older than your compiler version - probably nothing bad will happen - but you may wish to look for an update Boost version.  Define BOOST_CONFIG_SUPPRESS_OUTDATED_MESSAGE to suppress this message.
  Info: Boost.Config is older than your compiler version - probably nothing bad will happen - but you may wish to look for an update Boost version.  Define BOOST_CONFIG_SUPPRESS_OUTDATED_MESSAGE to suppress this message.
  Info: Boost.Config is older than your compiler version - probably nothing bad will happen - but you may wish to look for an update Boost version.  Define BOOST_CONFIG_SUPPRESS_OUTDATED_MESSAGE to suppress this message.
  Info: Boost.Config is older than your compiler version - probably nothing bad will happen - but you may wish to look for an update Boost version.  Define BOOST_CONFIG_SUPPRESS_OUTDATED_MESSAGE to suppress this message.
  Info: Boost.Config is older than your compiler version - probably nothing bad will happen - but you may wish to look for an update Boost version.  Define BOOST_CONFIG_SUPPRESS_OUTDATED_MESSAGE to suppress this message.
  Info: Boost.Config is older than your compiler version - probably nothing bad will happen - but you may wish to look for an update Boost version.  Define BOOST_CONFIG_SUPPRESS_OUTDATED_MESSAGE to suppress this message.
c:\users\jared\documents\of_v0.11.2_vs2017_release\of_v0.11.2_vs2017_release\libs\openframeworks\math\ofmatrix4x4.h(326): warning C4267: 'argument': conversion from 'size_t' to 'int', possible loss of data (compiling source file src\main.cpp)
c:\users\jared\documents\of_v0.11.2_vs2017_release\of_v0.11.2_vs2017_release\libs\openframeworks\math\ofmatrix4x4.h(331): warning C4267: 'argument': conversion from 'size_t' to 'int', possible loss of data (compiling source file src\main.cpp)
c:\users\jared\documents\of_v0.11.2_vs2017_release\of_v0.11.2_vs2017_release\libs\openframeworks\math\ofmatrix4x4.h(912): warning C4267: 'argument': conversion from 'size_t' to 'int', possible loss of data (compiling source file src\main.cpp)
c:\users\jared\documents\of_v0.11.2_vs2017_release\of_v0.11.2_vs2017_release\libs\openframeworks\math\ofmatrix4x4.h(913): warning C4267: 'argument': conversion from 'size_t' to 'int', possible loss of data (compiling source file src\main.cpp)
c:\users\jared\documents\of_v0.11.2_vs2017_release\of_v0.11.2_vs2017_release\libs\openframeworks\math\ofmatrix4x4.h(914): warning C4267: 'argument': conversion from 'size_t' to 'int', possible loss of data (compiling source file src\main.cpp)
c:\users\jared\documents\of_v0.11.2_vs2017_release\of_v0.11.2_vs2017_release\libs\openframeworks\math\ofmatrix4x4.h(915): warning C4267: 'argument': conversion from 'size_t' to 'int', possible loss of data (compiling source file src\main.cpp)
c:\users\jared\documents\of_v0.11.2_vs2017_release\of_v0.11.2_vs2017_release\libs\openframeworks\math\ofmatrix4x4.h(326): warning C4267: 'argument': conversion from 'size_t' to 'int', possible loss of data (compiling source file src\TransformObject.cpp)
c:\users\jared\documents\of_v0.11.2_vs2017_release\of_v0.11.2_vs2017_release\libs\openframeworks\math\ofmatrix4x4.h(331): warning C4267: 'argument': conversion from 'size_t' to 'int', possible loss of data (compiling source file src\TransformObject.cpp)
c:\users\jared\documents\of_v0.11.2_vs2017_release\of_v0.11.2_vs2017_release\libs\openframeworks\math\ofmatrix4x4.h(912): warning C4267: 'argument': conversion from 'size_t' to 'int', possible loss of data (compiling source file src\TransformObject.cpp)
c:\users\jared\documents\of_v0.11.2_vs2017_release\of_v0.11.2_vs2017_release\libs\openframeworks\math\ofmatrix4x4.h(913): warning C4267: 'argument': conversion from 'size_t' to 'int', possible loss of data (compiling source file src\TransformObject.cpp)
c:\users\jared\documents\of_v0.11.2_vs2017_release\of_v0.11.2_vs2017_release\libs\openframeworks\math\ofmatrix4x4.h(914): warning C4267: 'argument': conversion from 'size_t' to 'int', possible loss of data (compiling source file src\TransformObject.cpp)
c:\users\jared\documents\of_v0.11.2_vs2017_release\of_v0.11.2_vs2017_release\libs\openframeworks\math\ofmatrix4x4.h(915): warning C4267: 'argument': conversion from 'size_t' to 'int', possible loss of data (compiling source file src\TransformObject.cpp)
c:\users\jared\documents\of_v0.11.2_vs2017_release\of_v0.11.2_vs2017_release\libs\openframeworks\math\ofmatrix4x4.h(326): warning C4267: 'argument': conversion from 'size_t' to 'int', possible loss of data (compiling source file src\ParticleSystem.cpp)
c:\users\jared\documents\of_v0.11.2_vs2017_release\of_v0.11.2_vs2017_release\libs\openframeworks\math\ofmatrix4x4.h(331): warning C4267: 'argument': conversion from 'size_t' to 'int', possible loss of data (compiling source file src\ParticleSystem.cpp)
c:\users\jared\documents\of_v0.11.2_vs2017_release\of_v0.11.2_vs2017_release\libs\openframeworks\math\ofmatrix4x4.h(326): warning C4267: 'argument': conversion from 'size_t' to 'int', possible loss of data (compiling source file src\SpriteSystem.cpp)
c:\users\jared\documents\of_v0.11.2_vs2017_release\of_v0.11.2_vs2017_release\libs\openframeworks\math\ofmatrix4x4.h(331): warning C4267: 'argument': conversion from 'size_t' to 'int', possible loss of data (compiling source file src\SpriteSystem.cpp)
c:\users\jared\documents\of_v0.11.2_vs2017_release\of_v0.11.2_vs2017_release\libs\openframeworks\math\ofmatrix4x4.h(912): warning C4267: 'argument': conversion from 'size_t' to 'int', possible loss of data (compiling source file src\ParticleSystem.cpp)
c:\users\jared\documents\of_v0.11.2_vs2017_release\of_v0.11.2_vs2017_release\libs\openframeworks\math\ofmatrix4x4.h(913): warning C4267: 'argument': conversion from 'size_t' to 'int', possible loss of data (compiling source file src\ParticleSystem.cpp)
c:\users\jared\documents\of_v0.11.2_vs2017_release\of_v0.11.2_vs2017_release\libs\openframeworks\math\ofmatrix4x4.h(914): warning C4267: 'argument': conversion from 'size_t' to 'int', possible loss of data (compiling source file src\ParticleSystem.cpp)
c:\users\jared\documents\of_v0.11.2_vs2017_release\of_v0.11.2_vs2017_release\libs\openframeworks\math\ofmatrix4x4.h(915): warning C4267: 'argument': conversion from 'size_t' to 'int', possible loss of data (compiling source file src\ParticleSystem.cpp)
c:\users\jared\documents\of_v0.11.2_vs2017_release\of_v0.11.2_vs2017_release\libs\openframeworks\math\ofmatrix4x4.h(912): warning C4267: 'argument': conversion from 'size_t' to 'int', possible loss of data (compiling source file src\SpriteSystem.cpp)
c:\users\jared\documents\of_v0.11.2_vs2017_release\of_v0.11.2_vs2017_release\libs\openframeworks\math\ofmatrix4x4.h(913): warning C4267: 'argument': conversion from 'size_t' to 'int', possible loss of data (compiling source file src\SpriteSystem.cpp)
c:\users\jared\documents\of_v0.11.2_vs2017_release\of_v0.11.2_vs2017_release\libs\openframeworks\math\ofmatrix4x4.h(914): warning C4267: 'argument': conversion from 'size_t' to 'int', possible loss of data (compiling source file src\SpriteSystem.cpp)
c:\users\jared\documents\of_v0.11.2_vs2017_release\of_v0.11.2_vs2017_release\libs\openframeworks\math\ofmatrix4x4.h(915): warning C4267: 'argument': conversion from 'size_t' to 'int', possible loss of data (compiling source file src\SpriteSystem.cpp)
c:\users\jared\documents\of_v0.11.2_vs2017_release\of_v0.11.2_vs2017_release\libs\openframeworks\math\ofmatrix4x4.h(326): warning C4267: 'argument': conversion from 'size_t' to 'int', possible loss of data (compiling source file src\Particle.cpp)
c:\users\jared\documents\of_v0.11.2_vs2017_release\of_v0.11.2_vs2017_release\libs\openframeworks\math\ofmatrix4x4.h(331): warning C4267: 'argument': conversion from 'size_t' to 'int', possible loss of data (compiling source file src\Particle.cpp)
c:\users\jared\documents\of_v0.11.2_vs2017_release\of_v0.11.2_vs2017_release\libs\openframeworks\math\ofmatrix4x4.h(912): warning C4267: 'argument': conversion from 'size_t' to 'int', possible loss of data (compiling source file src\Particle.cpp)
c:\users\jared\documents\of_v0.11.2_vs2017_release\of_v0.11.2_vs2017_release\libs\openframeworks\math\ofmatrix4x4.h(913): warning C4267: 'argument': conversion from 'size_t' to 'int', possible loss of data (compiling source file src\Particle.cpp)
c:\users\jared\documents\of_v0.11.2_vs2017_release\of_v0.11.2_vs2017_release\libs\openframeworks\math\ofmatrix4x4.h(914): warning C4267: 'argument': conversion from 'size_t' to 'int', possible loss of data (compiling source file src\Particle.cpp)
c:\users\jared\documents\of_v0.11.2_vs2017_release\of_v0.11.2_vs2017_release\libs\openframeworks\math\ofmatrix4x4.h(915): warning C4267: 'argument': conversion from 'size_t' to 'int', possible loss of data (compiling source file src\Particle.cpp)
c:\users\jared\documents\of_v0.11.2_vs2017_release\of_v0.11.2_vs2017_release\libs\openframeworks\math\ofmatrix4x4.h(326): warning C4267: 'argument': conversion from 'size_t' to 'int', possible loss of data (compiling source file src\ofApp.cpp)
c:\users\jared\documents\of_v0.11.2_vs2017_release\of_v0.11.2_vs2017_release\libs\openframeworks\math\ofmatrix4x4.h(331): warning C4267: 'argument': conversion from 'size_t' to 'int', possible loss of data (compiling source file src\ofApp.cpp)
c:\users\jared\documents\of_v0.11.2_vs2017_release\of_v0.11.2_vs2017_release\libs\openframeworks\math\ofmatrix4x4.h(326): warning C4267: 'argument': conversion from 'size_t' to 'int', possible loss of data (compiling source file src\ParticleEmitter.cpp)
c:\users\jared\documents\of_v0.11.2_vs2017_release\of_v0.11.2_vs2017_release\libs\openframeworks\math\ofmatrix4x4.h(331): warning C4267: 'argument': conversion from 'size_t' to 'int', possible loss of data (compiling source file src\ParticleEmitter.cpp)
c:\users\jared\documents\of_v0.11.2_vs2017_release\of_v0.11.2_vs2017_release\libs\openframeworks\math\ofmatrix4x4.h(912): warning C4267: 'argument': conversion from 'size_t' to 'int', possible loss of data (compiling source file src\ofApp.cpp)
c:\users\jared\documents\of_v0.11.2_vs2017_release\of_v0.11.2_vs2017_release\libs\openframeworks\math\ofmatrix4x4.h(913): warning C4267: 'argument': conversion from 'size_t' to 'int', possible loss of data (compiling source file src\ofApp.cpp)
c:\users\jared\documents\of_v0.11.2_vs2017_release\of_v0.11.2_vs2017_release\libs\openframeworks\math\ofmatrix4x4.h(914): warning C4267: 'argument': conversion from 'size_t' to 'int', possible loss of data (compiling source file src\ofApp.cpp)
c:\users\jared\documents\of_v0.11.2_vs2017_release\of_v0.11.2_vs2017_release\libs\openframeworks\math\ofmatrix4x4.h(915): warning C4267: 'argument': conversion from 'size_t' to 'int', possible loss of data (compiling source file src\ofApp.cpp)
c:\users\jared\documents\of_v0.11.2_vs2017_release\of_v0.11.2_vs2017_release\libs\openframeworks\math\ofmatrix4x4.h(912): warning C4267: 'argument': conversion from 'size_t' to 'int', possible loss of data (compiling source file src\ParticleEmitter.cpp)
c:\users\jared\documents\of_v0.11.2_vs2017_release\of_v0.11.2_vs2017_release\libs\openframeworks\math\ofmatrix4x4.h(913): warning C4267: 'argument': conversion from 'size_t' to 'int', possible loss of data (compiling source file src\ParticleEmitter.cpp)
c:\users\jared\documents\of_v0.11.2_vs2017_release\of_v0.11.2_vs2017_release\libs\openframeworks\math\ofmatrix4x4.h(914): warning C4267: 'argument': conversion from 'size_t' to 'int', possible loss of data (compiling source file src\ParticleEmitter.cpp)
c:\users\jared\documents\of_v0.11.2_vs2017_release\of_v0.11.2_vs2017_release\libs\openframeworks\math\ofmatrix4x4.h(915): warning C4267: 'argument': conversion from 'size_t' to 'int', possible loss of data (compiling source file src\ParticleEmitter.cpp)
c:\users\jared\documents\of_v0.11.2_vs2017_release\of_v0.11.2_vs2017_release\libs\openframeworks\math\ofmatrix4x4.h(326): warning C4267: 'argument': conversion from 'size_t' to 'int', possible loss of data (compiling source file src\Emitter.cpp)
c:\users\jared\documents\of_v0.11.2_vs2017_release\of_v0.11.2_vs2017_release\libs\openframeworks\math\ofmatrix4x4.h(331): warning C4267: 'argument': conversion from 'size_t' to 'int', possible loss of data (compiling source file src\Emitter.cpp)
c:\users\jared\documents\of_v0.11.2_vs2017_release\of_v0.11.2_vs2017_release\libs\openframeworks\math\ofmatrix4x4.h(912): warning C4267: 'argument': conversion from 'size_t' to 'int', possible loss of data (compiling source file src\Emitter.cpp)
c:\users\jared\documents\of_v0.11.2_vs2017_release\of_v0.11.2_vs2017_release\libs\openframeworks\math\ofmatrix4x4.h(913): warning C4267: 'argument': conversion from 'size_t' to 'int', possible loss of data (compiling source file src\Emitter.cpp)
c:\users\jared\documents\of_v0.11.2_vs2017_release\of_v0.11.2_vs2017_release\libs\openframeworks\math\ofmatrix4x4.h(914): warning C4267: 'argument': conversion from 'size_t' to 'int', possible loss of data (compiling source file src\Emitter.cpp)
c:\users\jared\documents\of_v0.11.2_vs2017_release\of_v0.11.2_vs2017_release\libs\openframeworks\math\ofmatrix4x4.h(915): warning C4267: 'argument': conversion from 'size_t' to 'int', possible loss of data (compiling source file src\Emitter.cpp)
c:\users\jared\documents\of_v0.11.2_vs2017_release\of_v0.11.2_vs2017_release\apps\myapps\spaceshooter\src\ofapp.cpp(14): warning C4996: 'ofTrueTypeFont::loadFont': Use load instead
  c:\users\jared\documents\of_v0.11.2_vs2017_release\of_v0.11.2_vs2017_release\libs\openframeworks\graphics\oftruetypefont.h(193): note: see declaration of 'ofTrueTypeFont::loadFont'
     Creating library bin\SpaceShooter.lib and object bin\SpaceShooter.exp
  LINK : /LTCG specified but no code generation required; remove /LTCG from the link command line to improve linker performance
  SpaceShooter.vcxproj -> C:\Users\Jared\Documents\of_v0.11.2_vs2017_release\of_v0.11.2_vs2017_release\apps\myApps\SpaceShooter\bin\SpaceShooter.exe
  
  	                   2	C:\Users\Jared\Documents\of_v0.11.2_vs2017_release\of_v0.11.2_vs2017_release\libs\fmod\lib\vs\x64\
  	    New File  		 1826304	C:\Users\Jared\Documents\of_v0.11.2_vs2017_release\of_v0.11.2_vs2017_release\libs\fmod\lib\vs\x64\fmod.dll
  	    New File  		 2041856	C:\Users\Jared\Documents\of_v0.11.2_vs2017_release\of_v0.11.2_vs2017_release\libs\fmod\lib\vs\x64\fmodL.dll
  
  	                   1	C:\Users\Jared\Documents\of_v0.11.2_vs2017_release\of_v0.11.2_vs2017_release\libs\FreeImage\lib\vs\x64\
  	  *EXTRA File 		 1826304	C:\Users\Jared\Documents\of_v0.11.2_vs2017_release\of_v0.11.2_vs2017_release\apps\myApps\SpaceShooter\bin\fmod.dll
  	  *EXTRA File 		 2041856	C:\Users\Jared\Documents\of_v0.11.2_vs2017_release\of_v0.11.2_vs2017_release\apps\myApps\SpaceShooter\bin\fmodL.dll
  	    New File  		 6942208	C:\Users\Jared\Documents\of_v0.11.2_vs2017_release\of_v0.11.2_vs2017_release\libs\FreeImage\lib\vs\x64\FreeImage.dll
